ERROR 2026-03-04 12:56:10,240 log Internal Server Error: /accounts/voter-ids/add/
Traceback (most recent call last):
  File "C:\Users\Sir Mahmud\Desktop\Electra\electra\venv\Lib\site-packages\django\db\backends\utils.py", line 105, in _execute
    return self.cursor.execute(sql, params)
           ~~~~~~~~~~~~~~~~~~~^^^^^^^^^^^^^
psycopg2.errors.UniqueViolation: duplicate key value violates unique constraint "accounts_voteridregistry_voter_id_key"
DETAIL:  Key (voter_id)=(1001) already exists.


The above exception was the direct cause of the following exception:

Traceback (most recent call last):
  File "C:\Users\Sir Mahmud\Desktop\Electra\electra\venv\Lib\site-packages\django\core\handlers\exception.py", line 55, in inner
    response = get_response(request)
  File "C:\Users\Sir Mahmud\Desktop\Electra\electra\venv\Lib\site-packages\django\core\handlers\base.py", line 198, in _get_response
    response = wrapped_callback(request, *callback_args, **callback_kwargs)
  File "C:\Users\Sir Mahmud\Desktop\Electra\electra\venv\Lib\site-packages\django\contrib\auth\decorators.py", line 59, in _view_wrapper
    return view_func(request, *args, **kwargs)
  File "C:\Users\Sir Mahmud\Desktop\Electra\electra\voters\decorators.py", line 80, in wrapper
    return view_func(request, *args, **kwargs)
  File "C:\Users\Sir Mahmud\Desktop\Electra\electra\accounts\views.py", line 112, in add_voter_id
    form.save()
    ~~~~~~~~~^^
  File "C:\Users\Sir Mahmud\Desktop\Electra\electra\venv\Lib\site-packages\django\forms\models.py", line 574, in save
    self.instance.save()
    ~~~~~~~~~~~~~~~~~~^^
  File "C:\Users\Sir Mahmud\Desktop\Electra\electra\venv\Lib\site-packages\django\db\models\base.py", line 874, in save
    self.save_base(
    ~~~~~~~~~~~~~~^
        using=using,
        ^^^^^^^^^^^^
    ...<2 lines>...
        update_fields=update_fields,
        ^^^^^^^^^^^^^^^^^^^^^^^^^^^^
    )
    ^
  File "C:\Users\Sir Mahmud\Desktop\Electra\electra\venv\Lib\site-packages\django\db\models\base.py", line 966, in save_base
    updated = self._save_table(
        raw,
    ...<4 lines>...
        update_fields,
    )
  File "C:\Users\Sir Mahmud\Desktop\Electra\electra\venv\Lib\site-packages\django\db\models\base.py", line 1169, in _save_table
    results = self._do_insert(
        cls._base_manager, using, insert_fields, returning_fields, raw
    )
  File "C:\Users\Sir Mahmud\Desktop\Electra\electra\venv\Lib\site-packages\django\db\models\base.py", line 1220, in _do_insert
    return manager._insert(
           ~~~~~~~~~~~~~~~^
        [self],
        ^^^^^^^
    ...<3 lines>...
        raw=raw,
        ^^^^^^^^
    )
    ^
  File "C:\Users\Sir Mahmud\Desktop\Electra\electra\venv\Lib\site-packages\django\db\models\manager.py", line 87, in manager_method
    return getattr(self.get_queryset(), name)(*args, **kwargs)
           ~~~~~~~~~~~~~~~~~~~~~~~~~~~~~~~~~~^^^^^^^^^^^^^^^^^
  File "C:\Users\Sir Mahmud\Desktop\Electra\electra\venv\Lib\site-packages\django\db\models\query.py", line 1918, in _insert
    return query.get_compiler(using=using).execute_sql(returning_fields)
           ~~~~~~~~~~~~~~~~~~~~~~~~~~~~~~~~~~~~~~~~~~~^^^^^^^^^^^^^^^^^^
  File "C:\Users\Sir Mahmud\Desktop\Electra\electra\venv\Lib\site-packages\django\db\models\sql\compiler.py", line 1925, in execute_sql
    cursor.execute(sql, params)
    ~~~~~~~~~~~~~~^^^^^^^^^^^^^
  File "C:\Users\Sir Mahmud\Desktop\Electra\electra\venv\Lib\site-packages\django\db\backends\utils.py", line 79, in execute
    return self._execute_with_wrappers(
           ~~~~~~~~~~~~~~~~~~~~~~~~~~~^
        sql, params, many=False, executor=self._execute
        ^^^^^^^^^^^^^^^^^^^^^^^^^^^^^^^^^^^^^^^^^^^^^^^
    )
    ^
  File "C:\Users\Sir Mahmud\Desktop\Electra\electra\venv\Lib\site-packages\django\db\backends\utils.py", line 92, in _execute_with_wrappers
    return executor(sql, params, many, context)
  File "C:\Users\Sir Mahmud\Desktop\Electra\electra\venv\Lib\site-packages\django\db\backends\utils.py", line 100, in _execute
    with self.db.wrap_database_errors:
         ^^^^^^^^^^^^^^^^^^^^^^^^^^^^
  File "C:\Users\Sir Mahmud\Desktop\Electra\electra\venv\Lib\site-packages\django\db\utils.py", line 94, in __exit__
    raise dj_exc_value.with_traceback(traceback) from exc_value
  File "C:\Users\Sir Mahmud\Desktop\Electra\electra\venv\Lib\site-packages\django\db\backends\utils.py", line 105, in _execute
    return self.cursor.execute(sql, params)
           ~~~~~~~~~~~~~~~~~~~^^^^^^^^^^^^^
django.db.utils.IntegrityError: duplicate key value violates unique constraint "accounts_voteridregistry_voter_id_key"
DETAIL:  Key (voter_id)=(1001) already exists.

ERROR 2026-03-09 09:36:16,147 log Internal Server Error: /password-reset/
Traceback (most recent call last):
  File "C:\Users\Sir Mahmud\Desktop\Electra\electra\venv\Lib\site-packages\django\core\handlers\exception.py", line 55, in inner
    response = get_response(request)
  File "C:\Users\Sir Mahmud\Desktop\Electra\electra\venv\Lib\site-packages\django\core\handlers\base.py", line 198, in _get_response
    response = wrapped_callback(request, *callback_args, **callback_kwargs)
  File "C:\Users\Sir Mahmud\Desktop\Electra\electra\venv\Lib\site-packages\django\views\generic\base.py", line 106, in view
    return self.dispatch(request, *args, **kwargs)
           ~~~~~~~~~~~~~^^^^^^^^^^^^^^^^^^^^^^^^^^
  File "C:\Users\Sir Mahmud\Desktop\Electra\electra\venv\Lib\site-packages\django\utils\decorators.py", line 48, in _wrapper
    return bound_method(*args, **kwargs)
  File "C:\Users\Sir Mahmud\Desktop\Electra\electra\venv\Lib\site-packages\django\utils\decorators.py", line 192, in _view_wrapper
    result = _process_exception(request, e)
  File "C:\Users\Sir Mahmud\Desktop\Electra\electra\venv\Lib\site-packages\django\utils\decorators.py", line 190, in _view_wrapper
    response = view_func(request, *args, **kwargs)
  File "C:\Users\Sir Mahmud\Desktop\Electra\electra\venv\Lib\site-packages\django\views\generic\base.py", line 145, in dispatch
    return handler(request, *args, **kwargs)
  File "C:\Users\Sir Mahmud\Desktop\Electra\electra\venv\Lib\site-packages\django\views\generic\edit.py", line 151, in post
    return self.form_valid(form)
           ~~~~~~~~~~~~~~~^^^^^^
  File "C:\Users\Sir Mahmud\Desktop\Electra\electra\venv\Lib\site-packages\django\contrib\auth\views.py", line 234, in form_valid
    form.save(**opts)
    ~~~~~~~~~^^^^^^^^
  File "C:\Users\Sir Mahmud\Desktop\Electra\electra\venv\Lib\site-packages\django\contrib\auth\forms.py", line 481, in save
    self.send_mail(
    ~~~~~~~~~~~~~~^
        subject_template_name,
        ^^^^^^^^^^^^^^^^^^^^^^
    ...<4 lines>...
        html_email_template_name=html_email_template_name,
        ^^^^^^^^^^^^^^^^^^^^^^^^^^^^^^^^^^^^^^^^^^^^^^^^^^
    )
    ^
  File "C:\Users\Sir Mahmud\Desktop\Electra\electra\venv\Lib\site-packages\django\contrib\auth\forms.py", line 406, in send_mail
    subject = loader.render_to_string(subject_template_name, context)
  File "C:\Users\Sir Mahmud\Desktop\Electra\electra\venv\Lib\site-packages\django\template\loader.py", line 61, in render_to_string
    template = get_template(template_name, using=using)
  File "C:\Users\Sir Mahmud\Desktop\Electra\electra\venv\Lib\site-packages\django\template\loader.py", line 19, in get_template
    raise TemplateDoesNotExist(template_name, chain=chain)
django.template.exceptions.TemplateDoesNotExist: accounts/password_reset_subject.txt
ERROR 2026-03-09 09:38:43,453 log Internal Server Error: /password-reset/
Traceback (most recent call last):
  File "C:\Users\Sir Mahmud\Desktop\Electra\electra\venv\Lib\site-packages\django\core\handlers\exception.py", line 55, in inner
    response = get_response(request)
  File "C:\Users\Sir Mahmud\Desktop\Electra\electra\venv\Lib\site-packages\django\core\handlers\base.py", line 198, in _get_response
    response = wrapped_callback(request, *callback_args, **callback_kwargs)
  File "C:\Users\Sir Mahmud\Desktop\Electra\electra\venv\Lib\site-packages\django\views\generic\base.py", line 106, in view
    return self.dispatch(request, *args, **kwargs)
           ~~~~~~~~~~~~~^^^^^^^^^^^^^^^^^^^^^^^^^^
  File "C:\Users\Sir Mahmud\Desktop\Electra\electra\venv\Lib\site-packages\django\utils\decorators.py", line 48, in _wrapper
    return bound_method(*args, **kwargs)
  File "C:\Users\Sir Mahmud\Desktop\Electra\electra\venv\Lib\site-packages\django\utils\decorators.py", line 192, in _view_wrapper
    result = _process_exception(request, e)
  File "C:\Users\Sir Mahmud\Desktop\Electra\electra\venv\Lib\site-packages\django\utils\decorators.py", line 190, in _view_wrapper
    response = view_func(request, *args, **kwargs)
  File "C:\Users\Sir Mahmud\Desktop\Electra\electra\venv\Lib\site-packages\django\views\generic\base.py", line 145, in dispatch
    return handler(request, *args, **kwargs)
  File "C:\Users\Sir Mahmud\Desktop\Electra\electra\venv\Lib\site-packages\django\views\generic\edit.py", line 151, in post
    return self.form_valid(form)
           ~~~~~~~~~~~~~~~^^^^^^
  File "C:\Users\Sir Mahmud\Desktop\Electra\electra\venv\Lib\site-packages\django\contrib\auth\views.py", line 234, in form_valid
    form.save(**opts)
    ~~~~~~~~~^^^^^^^^
  File "C:\Users\Sir Mahmud\Desktop\Electra\electra\venv\Lib\site-packages\django\contrib\auth\forms.py", line 481, in save
    self.send_mail(
    ~~~~~~~~~~~~~~^
        subject_template_name,
        ^^^^^^^^^^^^^^^^^^^^^^
    ...<4 lines>...
        html_email_template_name=html_email_template_name,
        ^^^^^^^^^^^^^^^^^^^^^^^^^^^^^^^^^^^^^^^^^^^^^^^^^^
    )
    ^
  File "C:\Users\Sir Mahmud\Desktop\Electra\electra\venv\Lib\site-packages\django\contrib\auth\forms.py", line 406, in send_mail
    subject = loader.render_to_string(subject_template_name, context)
  File "C:\Users\Sir Mahmud\Desktop\Electra\electra\venv\Lib\site-packages\django\template\loader.py", line 61, in render_to_string
    template = get_template(template_name, using=using)
  File "C:\Users\Sir Mahmud\Desktop\Electra\electra\venv\Lib\site-packages\django\template\loader.py", line 19, in get_template
    raise TemplateDoesNotExist(template_name, chain=chain)
django.template.exceptions.TemplateDoesNotExist: accounts/password_reset_subject.txt
ERROR 2026-03-09 09:39:07,751 log Internal Server Error: /password-reset/
Traceback (most recent call last):
  File "C:\Users\Sir Mahmud\Desktop\Electra\electra\venv\Lib\site-packages\django\core\handlers\exception.py", line 55, in inner
    response = get_response(request)
  File "C:\Users\Sir Mahmud\Desktop\Electra\electra\venv\Lib\site-packages\django\core\handlers\base.py", line 198, in _get_response
    response = wrapped_callback(request, *callback_args, **callback_kwargs)
  File "C:\Users\Sir Mahmud\Desktop\Electra\electra\venv\Lib\site-packages\django\views\generic\base.py", line 106, in view
    return self.dispatch(request, *args, **kwargs)
           ~~~~~~~~~~~~~^^^^^^^^^^^^^^^^^^^^^^^^^^
  File "C:\Users\Sir Mahmud\Desktop\Electra\electra\venv\Lib\site-packages\django\utils\decorators.py", line 48, in _wrapper
    return bound_method(*args, **kwargs)
  File "C:\Users\Sir Mahmud\Desktop\Electra\electra\venv\Lib\site-packages\django\utils\decorators.py", line 192, in _view_wrapper
    result = _process_exception(request, e)
  File "C:\Users\Sir Mahmud\Desktop\Electra\electra\venv\Lib\site-packages\django\utils\decorators.py", line 190, in _view_wrapper
    response = view_func(request, *args, **kwargs)
  File "C:\Users\Sir Mahmud\Desktop\Electra\electra\venv\Lib\site-packages\django\views\generic\base.py", line 145, in dispatch
    return handler(request, *args, **kwargs)
  File "C:\Users\Sir Mahmud\Desktop\Electra\electra\venv\Lib\site-packages\django\views\generic\edit.py", line 151, in post
    return self.form_valid(form)
           ~~~~~~~~~~~~~~~^^^^^^
  File "C:\Users\Sir Mahmud\Desktop\Electra\electra\venv\Lib\site-packages\django\contrib\auth\views.py", line 234, in form_valid
    form.save(**opts)
    ~~~~~~~~~^^^^^^^^
  File "C:\Users\Sir Mahmud\Desktop\Electra\electra\venv\Lib\site-packages\django\contrib\auth\forms.py", line 481, in save
    self.send_mail(
    ~~~~~~~~~~~~~~^
        subject_template_name,
        ^^^^^^^^^^^^^^^^^^^^^^
    ...<4 lines>...
        html_email_template_name=html_email_template_name,
        ^^^^^^^^^^^^^^^^^^^^^^^^^^^^^^^^^^^^^^^^^^^^^^^^^^
    )
    ^
  File "C:\Users\Sir Mahmud\Desktop\Electra\electra\venv\Lib\site-packages\django\contrib\auth\forms.py", line 406, in send_mail
    subject = loader.render_to_string(subject_template_name, context)
  File "C:\Users\Sir Mahmud\Desktop\Electra\electra\venv\Lib\site-packages\django\template\loader.py", line 61, in render_to_string
    template = get_template(template_name, using=using)
  File "C:\Users\Sir Mahmud\Desktop\Electra\electra\venv\Lib\site-packages\django\template\loader.py", line 19, in get_template
    raise TemplateDoesNotExist(template_name, chain=chain)
django.template.exceptions.TemplateDoesNotExist: accounts/password_reset_subject.txt
ERROR 2026-03-09 09:45:07,587 log Internal Server Error: /password-reset/
Traceback (most recent call last):
  File "C:\Users\Sir Mahmud\Desktop\Electra\electra\venv\Lib\site-packages\django\core\handlers\exception.py", line 55, in inner
    response = get_response(request)
  File "C:\Users\Sir Mahmud\Desktop\Electra\electra\venv\Lib\site-packages\django\core\handlers\base.py", line 198, in _get_response
    response = wrapped_callback(request, *callback_args, **callback_kwargs)
  File "C:\Users\Sir Mahmud\Desktop\Electra\electra\venv\Lib\site-packages\django\views\generic\base.py", line 106, in view
    return self.dispatch(request, *args, **kwargs)
           ~~~~~~~~~~~~~^^^^^^^^^^^^^^^^^^^^^^^^^^
  File "C:\Users\Sir Mahmud\Desktop\Electra\electra\venv\Lib\site-packages\django\utils\decorators.py", line 48, in _wrapper
    return bound_method(*args, **kwargs)
  File "C:\Users\Sir Mahmud\Desktop\Electra\electra\venv\Lib\site-packages\django\utils\decorators.py", line 192, in _view_wrapper
    result = _process_exception(request, e)
  File "C:\Users\Sir Mahmud\Desktop\Electra\electra\venv\Lib\site-packages\django\utils\decorators.py", line 190, in _view_wrapper
    response = view_func(request, *args, **kwargs)
  File "C:\Users\Sir Mahmud\Desktop\Electra\electra\venv\Lib\site-packages\django\views\generic\base.py", line 145, in dispatch
    return handler(request, *args, **kwargs)
  File "C:\Users\Sir Mahmud\Desktop\Electra\electra\venv\Lib\site-packages\django\views\generic\edit.py", line 151, in post
    return self.form_valid(form)
           ~~~~~~~~~~~~~~~^^^^^^
  File "C:\Users\Sir Mahmud\Desktop\Electra\electra\venv\Lib\site-packages\django\contrib\auth\views.py", line 234, in form_valid
    form.save(**opts)
    ~~~~~~~~~^^^^^^^^
  File "C:\Users\Sir Mahmud\Desktop\Electra\electra\venv\Lib\site-packages\django\contrib\auth\forms.py", line 481, in save
    self.send_mail(
    ~~~~~~~~~~~~~~^
        subject_template_name,
        ^^^^^^^^^^^^^^^^^^^^^^
    ...<4 lines>...
        html_email_template_name=html_email_template_name,
        ^^^^^^^^^^^^^^^^^^^^^^^^^^^^^^^^^^^^^^^^^^^^^^^^^^
    )
    ^
  File "C:\Users\Sir Mahmud\Desktop\Electra\electra\venv\Lib\site-packages\django\contrib\auth\forms.py", line 406, in send_mail
    subject = loader.render_to_string(subject_template_name, context)
  File "C:\Users\Sir Mahmud\Desktop\Electra\electra\venv\Lib\site-packages\django\template\loader.py", line 61, in render_to_string
    template = get_template(template_name, using=using)
  File "C:\Users\Sir Mahmud\Desktop\Electra\electra\venv\Lib\site-packages\django\template\loader.py", line 19, in get_template
    raise TemplateDoesNotExist(template_name, chain=chain)
django.template.exceptions.TemplateDoesNotExist: accounts/password_reset_subject.txt
ERROR 2026-03-09 09:45:19,896 log Internal Server Error: /password-reset/
Traceback (most recent call last):
  File "C:\Users\Sir Mahmud\Desktop\Electra\electra\venv\Lib\site-packages\django\core\handlers\exception.py", line 55, in inner
    response = get_response(request)
  File "C:\Users\Sir Mahmud\Desktop\Electra\electra\venv\Lib\site-packages\django\core\handlers\base.py", line 198, in _get_response
    response = wrapped_callback(request, *callback_args, **callback_kwargs)
  File "C:\Users\Sir Mahmud\Desktop\Electra\electra\venv\Lib\site-packages\django\views\generic\base.py", line 106, in view
    return self.dispatch(request, *args, **kwargs)
           ~~~~~~~~~~~~~^^^^^^^^^^^^^^^^^^^^^^^^^^
  File "C:\Users\Sir Mahmud\Desktop\Electra\electra\venv\Lib\site-packages\django\utils\decorators.py", line 48, in _wrapper
    return bound_method(*args, **kwargs)
  File "C:\Users\Sir Mahmud\Desktop\Electra\electra\venv\Lib\site-packages\django\utils\decorators.py", line 192, in _view_wrapper
    result = _process_exception(request, e)
  File "C:\Users\Sir Mahmud\Desktop\Electra\electra\venv\Lib\site-packages\django\utils\decorators.py", line 190, in _view_wrapper
    response = view_func(request, *args, **kwargs)
  File "C:\Users\Sir Mahmud\Desktop\Electra\electra\venv\Lib\site-packages\django\views\generic\base.py", line 145, in dispatch
    return handler(request, *args, **kwargs)
  File "C:\Users\Sir Mahmud\Desktop\Electra\electra\venv\Lib\site-packages\django\views\generic\edit.py", line 151, in post
    return self.form_valid(form)
           ~~~~~~~~~~~~~~~^^^^^^
  File "C:\Users\Sir Mahmud\Desktop\Electra\electra\venv\Lib\site-packages\django\contrib\auth\views.py", line 234, in form_valid
    form.save(**opts)
    ~~~~~~~~~^^^^^^^^
  File "C:\Users\Sir Mahmud\Desktop\Electra\electra\venv\Lib\site-packages\django\contrib\auth\forms.py", line 481, in save
    self.send_mail(
    ~~~~~~~~~~~~~~^
        subject_template_name,
        ^^^^^^^^^^^^^^^^^^^^^^
    ...<4 lines>...
        html_email_template_name=html_email_template_name,
        ^^^^^^^^^^^^^^^^^^^^^^^^^^^^^^^^^^^^^^^^^^^^^^^^^^
    )
    ^
  File "C:\Users\Sir Mahmud\Desktop\Electra\electra\venv\Lib\site-packages\django\contrib\auth\forms.py", line 406, in send_mail
    subject = loader.render_to_string(subject_template_name, context)
  File "C:\Users\Sir Mahmud\Desktop\Electra\electra\venv\Lib\site-packages\django\template\loader.py", line 61, in render_to_string
    template = get_template(template_name, using=using)
  File "C:\Users\Sir Mahmud\Desktop\Electra\electra\venv\Lib\site-packages\django\template\loader.py", line 19, in get_template
    raise TemplateDoesNotExist(template_name, chain=chain)
django.template.exceptions.TemplateDoesNotExist: accounts/password_reset_subject.txt
ERROR 2026-03-09 09:49:17,235 log Internal Server Error: /password-reset/
Traceback (most recent call last):
  File "C:\Users\Sir Mahmud\Desktop\Electra\electra\venv\Lib\site-packages\django\core\handlers\exception.py", line 55, in inner
    response = get_response(request)
  File "C:\Users\Sir Mahmud\Desktop\Electra\electra\venv\Lib\site-packages\django\core\handlers\base.py", line 198, in _get_response
    response = wrapped_callback(request, *callback_args, **callback_kwargs)
  File "C:\Users\Sir Mahmud\Desktop\Electra\electra\venv\Lib\site-packages\django\views\generic\base.py", line 106, in view
    return self.dispatch(request, *args, **kwargs)
           ~~~~~~~~~~~~~^^^^^^^^^^^^^^^^^^^^^^^^^^
  File "C:\Users\Sir Mahmud\Desktop\Electra\electra\venv\Lib\site-packages\django\utils\decorators.py", line 48, in _wrapper
    return bound_method(*args, **kwargs)
  File "C:\Users\Sir Mahmud\Desktop\Electra\electra\venv\Lib\site-packages\django\utils\decorators.py", line 192, in _view_wrapper
    result = _process_exception(request, e)
  File "C:\Users\Sir Mahmud\Desktop\Electra\electra\venv\Lib\site-packages\django\utils\decorators.py", line 190, in _view_wrapper
    response = view_func(request, *args, **kwargs)
  File "C:\Users\Sir Mahmud\Desktop\Electra\electra\venv\Lib\site-packages\django\views\generic\base.py", line 145, in dispatch
    return handler(request, *args, **kwargs)
  File "C:\Users\Sir Mahmud\Desktop\Electra\electra\venv\Lib\site-packages\django\views\generic\edit.py", line 151, in post
    return self.form_valid(form)
           ~~~~~~~~~~~~~~~^^^^^^
  File "C:\Users\Sir Mahmud\Desktop\Electra\electra\venv\Lib\site-packages\django\contrib\auth\views.py", line 234, in form_valid
    form.save(**opts)
    ~~~~~~~~~^^^^^^^^
  File "C:\Users\Sir Mahmud\Desktop\Electra\electra\venv\Lib\site-packages\django\contrib\auth\forms.py", line 481, in save
    self.send_mail(
    ~~~~~~~~~~~~~~^
        subject_template_name,
        ^^^^^^^^^^^^^^^^^^^^^^
    ...<4 lines>...
        html_email_template_name=html_email_template_name,
        ^^^^^^^^^^^^^^^^^^^^^^^^^^^^^^^^^^^^^^^^^^^^^^^^^^
    )
    ^
  File "C:\Users\Sir Mahmud\Desktop\Electra\electra\venv\Lib\site-packages\django\contrib\auth\forms.py", line 406, in send_mail
    subject = loader.render_to_string(subject_template_name, context)
  File "C:\Users\Sir Mahmud\Desktop\Electra\electra\venv\Lib\site-packages\django\template\loader.py", line 61, in render_to_string
    template = get_template(template_name, using=using)
  File "C:\Users\Sir Mahmud\Desktop\Electra\electra\venv\Lib\site-packages\django\template\loader.py", line 19, in get_template
    raise TemplateDoesNotExist(template_name, chain=chain)
django.template.exceptions.TemplateDoesNotExist: accounts/password_reset_subject.txt
